Flow report for Tarea1_CPU
Sun Aug 25 21:32:29 2024
Quartus Prime Version 18.1.0 Build 625 09/12/2018 SJ Lite Edition


---------------------
; Table of Contents ;
---------------------
  1. Legal Notice
  2. Flow Summary
  3. Flow Settings
  4. Flow Non-Default Global Settings
  5. Flow Elapsed Time
  6. Flow OS Summary
  7. Flow Log
  8. Flow Messages
  9. Flow Suppressed Messages



----------------
; Legal Notice ;
----------------
Copyright (C) 2018  Intel Corporation. All rights reserved.
Your use of Intel Corporation's design tools, logic functions 
and other software and tools, and its AMPP partner logic 
functions, and any output files from any of the foregoing 
(including device programming or simulation files), and any 
associated documentation or information are expressly subject 
to the terms and conditions of the Intel Program License 
Subscription Agreement, the Intel Quartus Prime License Agreement,
the Intel FPGA IP License Agreement, or other applicable license
agreement, including, without limitation, that your use is for
the sole purpose of programming logic devices manufactured by
Intel and sold by Intel or its authorized distributors.  Please
refer to the applicable agreement for further details.



+-------------------------------------------------------------------------------+
; Flow Summary                                                                  ;
+---------------------------------+---------------------------------------------+
; Flow Status                     ; Successful - Sun Aug 25 21:32:21 2024       ;
; Quartus Prime Version           ; 18.1.0 Build 625 09/12/2018 SJ Lite Edition ;
; Revision Name                   ; Tarea1_CPU                                  ;
; Top-level Entity Name           ; Tarea1_CPU                                  ;
; Family                          ; Cyclone V                                   ;
; Device                          ; 5CSEMA5F31C6                                ;
; Timing Models                   ; Final                                       ;
; Logic utilization (in ALMs)     ; 1,531 / 32,070 ( 5 % )                      ;
; Total registers                 ; 2314                                        ;
; Total pins                      ; 41 / 457 ( 9 % )                            ;
; Total virtual pins              ; 0                                           ;
; Total block memory bits         ; 391,232 / 4,065,280 ( 10 % )                ;
; Total DSP Blocks                ; 3 / 87 ( 3 % )                              ;
; Total HSSI RX PCSs              ; 0                                           ;
; Total HSSI PMA RX Deserializers ; 0                                           ;
; Total HSSI TX PCSs              ; 0                                           ;
; Total HSSI PMA TX Serializers   ; 0                                           ;
; Total PLLs                      ; 0 / 6 ( 0 % )                               ;
; Total DLLs                      ; 0 / 4 ( 0 % )                               ;
+---------------------------------+---------------------------------------------+


+-----------------------------------------+
; Flow Settings                           ;
+-------------------+---------------------+
; Option            ; Setting             ;
+-------------------+---------------------+
; Start date & time ; 08/25/2024 21:29:54 ;
; Main task         ; Compilation         ;
; Revision Name     ; Tarea1_CPU          ;
+-------------------+---------------------+


+-----------------------------------------------------------------------------------------------------------------------------------------------+
; Flow Non-Default Global Settings                                                                                                              ;
+-------------------------------------+--------------------------------------------------------------+---------------+-------------+------------+
; Assignment Name                     ; Value                                                        ; Default Value ; Entity Name ; Section Id ;
+-------------------------------------+--------------------------------------------------------------+---------------+-------------+------------+
; COMPILER_SIGNATURE_ID               ; 207759718997849.172464299430680                              ; --            ; --          ; --         ;
; MAX_CORE_JUNCTION_TEMP              ; 85                                                           ; --            ; --          ; --         ;
; MIN_CORE_JUNCTION_TEMP              ; 0                                                            ; --            ; --          ; --         ;
; MISC_FILE                           ; Tarea1_CPU/synthesis/../Tarea1_CPU.cmp                       ; --            ; --          ; --         ;
; MISC_FILE                           ; Tarea1_CPU/synthesis/../../Tarea1_CPU.qsys                   ; --            ; --          ; --         ;
; PARTITION_COLOR                     ; -- (Not supported for targeted family)                       ; --            ; --          ; Top        ;
; PARTITION_FITTER_PRESERVATION_LEVEL ; -- (Not supported for targeted family)                       ; --            ; --          ; Top        ;
; PARTITION_NETLIST_TYPE              ; -- (Not supported for targeted family)                       ; --            ; --          ; Top        ;
; POWER_BOARD_THERMAL_MODEL           ; None (CONSERVATIVE)                                          ; --            ; --          ; --         ;
; POWER_PRESET_COOLING_SOLUTION       ; 23 MM HEAT SINK WITH 200 LFPM AIRFLOW                        ; --            ; --          ; --         ;
; PROJECT_OUTPUT_DIRECTORY            ; output_files                                                 ; --            ; --          ; --         ;
; SLD_FILE                            ; Tarea1_CPU/synthesis/Tarea1_CPU.regmap                       ; --            ; --          ; --         ;
; SLD_FILE                            ; Tarea1_CPU/synthesis/Tarea1_CPU.debuginfo                    ; --            ; --          ; --         ;
; SLD_INFO                            ; QSYS_NAME Tarea1_CPU HAS_SOPCINFO 1 GENERATION_ID 1724642767 ; --            ; --          ; --         ;
; SOPCINFO_FILE                       ; Tarea1_CPU/synthesis/../../Tarea1_CPU.sopcinfo               ; --            ; --          ; --         ;
; SYNTHESIS_ONLY_QIP                  ; On                                                           ; --            ; --          ; --         ;
+-------------------------------------+--------------------------------------------------------------+---------------+-------------+------------+


+--------------------------------------------------------------------------------------------------------------------------+
; Flow Elapsed Time                                                                                                        ;
+----------------------+--------------+-------------------------+---------------------+------------------------------------+
; Module Name          ; Elapsed Time ; Average Processors Used ; Peak Virtual Memory ; Total CPU Time (on all processors) ;
+----------------------+--------------+-------------------------+---------------------+------------------------------------+
; Analysis & Synthesis ; 00:00:35     ; 1.0                     ; 5088 MB             ; 00:00:21                           ;
; Fitter               ; 00:01:40     ; 1.2                     ; 7405 MB             ; 00:03:14                           ;
; Assembler            ; 00:00:07     ; 1.0                     ; 4881 MB             ; 00:00:04                           ;
; Timing Analyzer      ; 00:00:07     ; 3.2                     ; 5326 MB             ; 00:00:14                           ;
; Total                ; 00:02:29     ; --                      ; --                  ; 00:03:53                           ;
+----------------------+--------------+-------------------------+---------------------+------------------------------------+


+------------------------------------------------------------------------------------+
; Flow OS Summary                                                                    ;
+----------------------+------------------+------------+------------+----------------+
; Module Name          ; Machine Hostname ; OS Name    ; OS Version ; Processor type ;
+----------------------+------------------+------------+------------+----------------+
; Analysis & Synthesis ; tavo             ; Windows 10 ; 10.0       ; x86_64         ;
; Fitter               ; tavo             ; Windows 10 ; 10.0       ; x86_64         ;
; Assembler            ; tavo             ; Windows 10 ; 10.0       ; x86_64         ;
; Timing Analyzer      ; tavo             ; Windows 10 ; 10.0       ; x86_64         ;
+----------------------+------------------+------------+------------+----------------+


------------
; Flow Log ;
------------
quartus_map --read_settings_files=on --write_settings_files=off Tarea1_CPU -c Tarea1_CPU
quartus_fit --read_settings_files=off --write_settings_files=off Tarea1_CPU -c Tarea1_CPU
quartus_asm --read_settings_files=off --write_settings_files=off Tarea1_CPU -c Tarea1_CPU
quartus_sta Tarea1_CPU -c Tarea1_CPU



