22:14:38 **** Incremental Build of configuration Nios II for project Tarea1_CPU ****
make all 
Info: Building ../Tarea1_CPU_bsp/
C:/intelFPGA_lite/18.1/nios2eds/bin/gnu/H-x86_64-mingw32/bin/make --no-print-directory -C ../Tarea1_CPU_bsp/
[BSP build complete]
Info: Compiling main.c to obj/default/main.o
nios2-elf-gcc -xc -MP -MMD -c -I../Tarea1_CPU_bsp//HAL/inc -I../Tarea1_CPU_bsp/ -I../Tarea1_CPU_bsp//drivers/inc  -pipe -D__hal__ -DALT_NO_C_PLUS_PLUS -DALT_NO_CLEAN_EXIT -D'exit(a)=_exit(a)' -DALT_NO_EXIT -DALT_USE_DIRECT_DRIVERS -DALT_NO_INSTRUCTION_EMULATION -DALT_USE_SMALL_DRIVERS -DSMALL_C_LIB -DALT_SINGLE_THREADED    -Os -g -Wall   -mno-hw-div -mhw-mul -mno-hw-mulx -mgpopt=global  -o obj/default/main.o main.c
Info: Linking Tarea1_CPU.elf
nios2-elf-g++  -T'../Tarea1_CPU_bsp//linker.x' -msys-crt0='../Tarea1_CPU_bsp//obj/HAL/src/crt0.o' -msys-lib=hal_bsp -L../Tarea1_CPU_bsp/  -msmallc  -Wl,-Map=Tarea1_CPU.map   -Os -g -Wall   -mno-hw-div -mhw-mul -mno-hw-mulx -mgpopt=global  -o Tarea1_CPU.elf obj/default/main.o obj/default/segments.o -lm -msys-lib=m
nios2-elf-insert Tarea1_CPU.elf --thread_model hal --cpu_name NiosIntr --qsys true --simulation_enabled false --stderr_dev DEBUG --stdin_dev DEBUG --stdout_dev DEBUG --sopc_system_name Tarea1_CPU --quartus_project_dir "C:/Operativos/Tarea1_CPU" --jdi ../..//output_files/Tarea1_CPU.jdi --sopcinfo C:/Operativos/Tarea1_CPU/software/Tarea1_CPU_bsp/../../Tarea1_CPU.sopcinfo
Info: (Tarea1_CPU.elf) 3960 Bytes program size (code + initialized data).
Info:                  35 KBytes free for stack + heap.
Info: Creating Tarea1_CPU.objdump
nios2-elf-objdump --disassemble --syms --all-header --source Tarea1_CPU.elf >Tarea1_CPU.objdump
[Tarea1_CPU build complete]
22:14:45 **** Build of configuration Nios II for project Tarea1_CPU ****
make all 
Info: Building ../Tarea1_CPU_bsp/
C:/intelFPGA_lite/18.1/nios2eds/bin/gnu/H-x86_64-mingw32/bin/make --no-print-directory -C ../Tarea1_CPU_bsp/
[BSP build complete]
[Tarea1_CPU build complete]
22:14:46 **** Incremental Build of configuration Nios II for project Tarea1_CPU ****
make all 
Info: Building ../Tarea1_CPU_bsp/
C:/intelFPGA_lite/18.1/nios2eds/bin/gnu/H-x86_64-mingw32/bin/make --no-print-directory -C ../Tarea1_CPU_bsp/
[BSP build complete]
[Tarea1_CPU build complete]
